('Query', ['TI=("high" "assurance" "computing" "on" "open" "hardware" "architectures")', 'AU=(Chen)', 'PY=(2003)'])
('Query', ['TI=("high" "assurance" "computing" "on" "open" "hardware" "architectures")', 'AU=(Chen)', 'PY=(2002-2004)'])
('Failed query', {'Parameters': {'databaseId': 'WOK', 'usrQuery': 'TI=("high" "assurance" "computing" "on" "open" "hardware" "architectures") AND AU=(Chen) AND PY=(2002-2004)', 'count': 5, 'firstRecord': 1}})
('Query', ['TI=("risk" "monitoring" "of" "buildings" "using" "wireless" "sensor" "network")', 'AU=(Kurata)', 'PY=(2003)'])
('Query', ['TI=("risk" "monitoring" "of" "buildings" "using" "wireless" "sensor" "network")', 'AU=(Kurata)', 'PY=(2002-2004)'])
('Failed query', {'Parameters': {'databaseId': 'WOK', 'usrQuery': 'TI=("risk" "monitoring" "of" "buildings" "using" "wireless" "sensor" "network") AND AU=(Kurata) AND PY=(2002-2004)', 'count': 5, 'firstRecord': 1}})
('Query', ['TI=("the" "impact" "of" "free" "and" "open" "source" "components" "on" "the" "competition" "in" "microcomputer" "operating" "system" "software" "markets")', 'AU=(Välimäki)', 'PY=(2003)'])
('Query', ['TI=("the" "impact" "of" "free" "and" "open" "source" "components" "on" "the" "competition" "in" "microcomputer" "operating" "system" "software" "markets")', 'AU=(Välimäki)', 'PY=(2002-2004)'])
('Failed query', {'Parameters': {'databaseId': 'WOK', 'usrQuery': 'TI=("the" "impact" "of" "free" "and" "open" "source" "components" "on" "the" "competition" "in" "microcomputer" "operating" "system" "software" "markets") AND AU=(Välimäki) AND PY=(2002-2004)', 'count': 5, 'firstRecord': 1}})
('Query', ['TI=("a" "study" "on" "building" "risk" "monitoring" "using" "wireless" "sensor" "network" "mica" "mote")', 'AU=(Kurata)', 'PY=(2003)'])
('Query', ['TI=("c" "17" "successful" "deployment" "of" "commercial" "ate" "to" "an" "air" "force" "i" "level" "back" "shop" "repair" "facility")', 'AU=(Sidhwa)', 'PY=(2003)'])
('Query', ['TI=("valse" "validation" "of" "safety" "related" "driver" "assistance" "systems")', 'AU=(Athanasas)', 'PY=(2003)'])
('Query', ['TI=("open" "mobile" "handset" "architectures" "based" "on" "the" "zsp500" "embedded" "dsp" "core")', 'AU=(Rayala)', 'PY=(2003)'])
('Query', ['TI=("open" "mobile" "handset" "architectures" "based" "on" "the" "zsp500" "embedded" "dsp" "core")', 'AU=(Rayala)', 'PY=(2002-2004)'])
('Failed query', {'Parameters': {'databaseId': 'WOK', 'usrQuery': 'TI=("open" "mobile" "handset" "architectures" "based" "on" "the" "zsp500" "embedded" "dsp" "core") AND AU=(Rayala) AND PY=(2002-2004)', 'count': 5, 'firstRecord': 1}})
('Query', ['TI=("from" "a" "firm" "based" "to" "a" "community" "based" "model" "of" "knowledge" "creation" "the" "case" "of" "the" "linux" "kernel" "development")', 'AU=(Lee)', 'PY=(2003)'])
('Query', ['TI=("an" "application" "framework" "for" "computer" "aided" "patient" "positioning" "in" "radiation" "therapy")', 'AU=(Liebler)', 'PY=(2003)'])
('Query', ['TI=("capability" "coordination" "in" "modular" "organization" "voluntary" "fs" "oss" "production" "and" "the" "case" "of" "debian" "gnu" "linux")', 'AU=(Garzarelli)', 'PY=(2003)'])
('Query', ['TI=("capability" "coordination" "in" "modular" "organization" "voluntary" "fs" "oss" "production" "and" "the" "case" "of" "debian" "gnu" "linux")', 'AU=(Garzarelli)', 'PY=(2002-2004)'])
('Failed query', {'Parameters': {'databaseId': 'WOK', 'usrQuery': 'TI=("capability" "coordination" "in" "modular" "organization" "voluntary" "fs" "oss" "production" "and" "the" "case" "of" "debian" "gnu" "linux") AND AU=(Garzarelli) AND PY=(2002-2004)', 'count': 5, 'firstRecord': 1}})
('Query', ['TI=("network" "related" "improvements" "in" "the" "2" "6" "linux" "kernel")', 'AU=(Williamson)', 'PY=(2003)'])
('Query', ['TI=("network" "related" "improvements" "in" "the" "2" "6" "linux" "kernel")', 'AU=(Williamson)', 'PY=(2002-2004)'])
('Failed query', {'Parameters': {'databaseId': 'WOK', 'usrQuery': 'TI=("network" "related" "improvements" "in" "the" "2" "6" "linux" "kernel") AND AU=(Williamson) AND PY=(2002-2004)', 'count': 5, 'firstRecord': 1}})
('Query', ['TI=("a" "community" "informatics" "for" "the" "information" "society")', 'AU=(Jr)', 'PY=(2003)'])
('Query', ['TI=("a" "community" "informatics" "for" "the" "information" "society")', 'AU=(Jr)', 'PY=(2002-2004)'])
('Failed query', {'Parameters': {'databaseId': 'WOK', 'usrQuery': 'TI=("a" "community" "informatics" "for" "the" "information" "society") AND AU=(Jr) AND PY=(2002-2004)', 'count': 5, 'firstRecord': 1}})
('Query', ['TI=("bridging" "the" "global" "digital" "divide")', 'AU=(James)', 'PY=(2003)'])
('Query', ['TI=("master" "of" "science" "thesis" "the" "need" "for" "speed")', 'AU=(Andersson)', 'PY=(2003)'])
('Query', ['TI=("master" "of" "science" "thesis" "the" "need" "for" "speed")', 'AU=(Andersson)', 'PY=(2002-2004)'])
('Failed query', {'Parameters': {'databaseId': 'WOK', 'usrQuery': 'TI=("master" "of" "science" "thesis" "the" "need" "for" "speed") AND AU=(Andersson) AND PY=(2002-2004)', 'count': 5, 'firstRecord': 1}})
('Query', ['TI=("the" "impact" "of" "networked" "display" "devices" "on" "awareness" "and" "adoption" "of" "an" "online" "knowledge" "sharing" "system")', 'AU=(Rosenblatt)', 'PY=(2003)'])
('Query', ['TI=("the" "impact" "of" "networked" "display" "devices" "on" "awareness" "and" "adoption" "of" "an" "online" "knowledge" "sharing" "system")', 'AU=(Rosenblatt)', 'PY=(2002-2004)'])
('Failed query', {'Parameters': {'databaseId': 'WOK', 'usrQuery': 'TI=("the" "impact" "of" "networked" "display" "devices" "on" "awareness" "and" "adoption" "of" "an" "online" "knowledge" "sharing" "system") AND AU=(Rosenblatt) AND PY=(2002-2004)', 'count': 5, 'firstRecord': 1}})
('Query', ['TI=("in" "search" "of" "stupidity")', 'AU=(Chapman)', 'PY=(2003)'])
('Query', ['TI=("in" "search" "of" "stupidity")', 'AU=(Chapman)', 'PY=(2002-2004)'])
('Failed query', {'Parameters': {'databaseId': 'WOK', 'usrQuery': 'TI=("in" "search" "of" "stupidity") AND AU=(Chapman) AND PY=(2002-2004)', 'count': 5, 'firstRecord': 1}})
('Query', ['TI=("dave" "eggers")', 'AU=(Eggers)', 'PY=(2003)'])
('Query', ['TI=("dave" "eggers")', 'AU=(Eggers)', 'PY=(2002-2004)'])
('Failed query', {'Parameters': {'databaseId': 'WOK', 'usrQuery': 'TI=("dave" "eggers") AND AU=(Eggers) AND PY=(2002-2004)', 'count': 5, 'firstRecord': 1}})
('Query', ['TI=("peer" "to" "peer" "from" "technology" "to" "politics" "to" "a" "new" "civilisation")', 'AU=(Bauwens)', 'PY=(2003)'])
('Query', ['TI=("peer" "to" "peer" "from" "technology" "to" "politics" "to" "a" "new" "civilisation")', 'AU=(Bauwens)', 'PY=(2002-2004)'])
('Failed query', {'Parameters': {'databaseId': 'WOK', 'usrQuery': 'TI=("peer" "to" "peer" "from" "technology" "to" "politics" "to" "a" "new" "civilisation") AND AU=(Bauwens) AND PY=(2002-2004)', 'count': 5, 'firstRecord': 1}})
('Query', ['TI=("assessing" "information" "technology" "facilitated" "learning" "in" "adult" "and" "higher" "education")', 'AU=(Jong)', 'PY=(2003)'])
('Query', ['TI=("assessing" "information" "technology" "facilitated" "learning" "in" "adult" "and" "higher" "education")', 'AU=(Jong)', 'PY=(2002-2004)'])
('Failed query', {'Parameters': {'databaseId': 'WOK', 'usrQuery': 'TI=("assessing" "information" "technology" "facilitated" "learning" "in" "adult" "and" "higher" "education") AND AU=(Jong) AND PY=(2002-2004)', 'count': 5, 'firstRecord': 1}})
('Missing year', {'title': "Computerprogramma's: gevangenissen voor gebruikers of virtuele vrijplaatsen?", 'link': 'http://stefanverhaegh.nl/publicaties/Verhaegh-2003-computerprogrammas.pdf', 'cited': None, 'relatedLink': 'https://scholar.google.com/scholar?q=related:0E7-DvEut7UJ:scholar.google.com/&scioq=%22open+hardware+%22+November+OR+December&hl=en&num=20&as_sdt=0,5&as_ylo=2003&as_yhi=2003&as_vis=1', 'position': 20, 'numOfVersions': None, 'publishedData': 'S Verhaegh - stefanverhaegh.nl', 'snippet': '… Op 3 december 2002 startte ik mijn onderzoek, door het … Op 20 december 2002 heb ik de \neerste bevindingen van mijn … weten te bouwen op een open hardware standaard, namelijk die …'})
('Query', ['TI=("computerprogramma" "s" "gevangenissen" "voor" "gebruikers" "of" "virtuele" "vrijplaatsen")', 'AU=(Verhaegh)'])
('Failed query', {'Parameters': {'databaseId': 'WOK', 'usrQuery': 'TI=("computerprogramma" "s" "gevangenissen" "voor" "gebruikers" "of" "virtuele" "vrijplaatsen") AND AU=(Verhaegh)', 'count': 5, 'firstRecord': 1}})
('Query', ['TI=("smaller" "control" "suppliers" "also" "make" "their" "mark")', 'AU=(Bloss)', 'PY=(2001)'])
('Query', ['TI=("experimenting" "with" "flow" "and" "service" "separation" "using" "open" "mpls" "test" "bed")', 'AU=(Rosenbaum)', 'PY=(2001)'])
('Query', ['TI=("open" "sourcing" "nanotechnology" "research" "and" "development" "issues" "and" "opportunities")', 'AU=(Bruns)', 'PY=(2001)'])
('Query', ['TI=("value" "added" "services" "in" "the" "converged" "network")', 'AU=(Serres)', 'PY=(2001)'])
('Query', ['TI=("value" "added" "services" "in" "the" "converged" "network")', 'AU=(Serres)', 'PY=(2000-2002)'])
('Failed query', {'Parameters': {'databaseId': 'WOK', 'usrQuery': 'TI=("value" "added" "services" "in" "the" "converged" "network") AND AU=(Serres) AND PY=(2000-2002)', 'count': 5, 'firstRecord': 1}})
('Query', ['TI=("the" "octopus" "network" "model" "opening" "up" "the" "internet" "to" "active" "and" "programmable" "network" "implementations")', 'AU=(Macián)', 'PY=(2001)'])
('Query', ['TI=("the" "octopus" "network" "model" "opening" "up" "the" "internet" "to" "active" "and" "programmable" "network" "implementations")', 'AU=(Macián)', 'PY=(2000-2002)'])
('Failed query', {'Parameters': {'databaseId': 'WOK', 'usrQuery': 'TI=("the" "octopus" "network" "model" "opening" "up" "the" "internet" "to" "active" "and" "programmable" "network" "implementations") AND AU=(Macián) AND PY=(2000-2002)', 'count': 5, 'firstRecord': 1}})
('Query', ['TI=("information" "technologies" "for" "virtual" "enterprise" "and" "agile" "management")', 'AU=(Bajgoric)', 'PY=(2001)'])
('Query', ['TI=("information" "technologies" "for" "virtual" "enterprise" "and" "agile" "management")', 'AU=(Bajgoric)', 'PY=(2000-2002)'])
('Failed query', {'Parameters': {'databaseId': 'WOK', 'usrQuery': 'TI=("information" "technologies" "for" "virtual" "enterprise" "and" "agile" "management") AND AU=(Bajgoric) AND PY=(2000-2002)', 'count': 5, 'firstRecord': 1}})
('Query', ['TI=("opening" "the" "code" "software" "excellence" "as" "a" "function")', 'AU=(McLaughlin)', 'PY=(2001)'])
('Query', ['TI=("opening" "the" "code" "software" "excellence" "as" "a" "function")', 'AU=(McLaughlin)', 'PY=(2000-2002)'])
('Failed query', {'Parameters': {'databaseId': 'WOK', 'usrQuery': 'TI=("opening" "the" "code" "software" "excellence" "as" "a" "function") AND AU=(McLaughlin) AND PY=(2000-2002)', 'count': 5, 'firstRecord': 1}})
('Query', ['TI=("eve" "ensler")', 'AU=(Ensler)', 'PY=(2001)'])
('Query', ['TI=("eve" "ensler")', 'AU=(Ensler)', 'PY=(2000-2002)'])
('Failed query', {'Parameters': {'databaseId': 'WOK', 'usrQuery': 'TI=("eve" "ensler") AND AU=(Ensler) AND PY=(2000-2002)', 'count': 5, 'firstRecord': 1}})
('Query', ['TI=("linux" "справочник")', 'AU=(Сивер)', 'PY=(2001)'])
('Query', ['TI=("linux" "справочник")', 'AU=(Сивер)', 'PY=(2000-2002)'])
('Failed query', {'Parameters': {'databaseId': 'WOK', 'usrQuery': 'TI=("linux" "справочник") AND AU=(Сивер) AND PY=(2000-2002)', 'count': 5, 'firstRecord': 1}})
('Query', ['TI=("criminal" "law" "in" "cyberspace")', 'AU=(Katyal)', 'PY=(2001)'])
('Query', ['TI=("a" "prototype" "based" "approach" "to" "distributed" "applications")', 'AU=(Cutsem)', 'PY=(2004)'])
('Query', ['TI=("a" "prototype" "based" "approach" "to" "distributed" "applications")', 'AU=(Cutsem)', 'PY=(2003-2005)'])
('Failed query', {'Parameters': {'databaseId': 'WOK', 'usrQuery': 'TI=("a" "prototype" "based" "approach" "to" "distributed" "applications") AND AU=(Cutsem) AND PY=(2003-2005)', 'count': 5, 'firstRecord': 1}})
('Query', ['TI=("smart" "sensing" "technology" "opportunities" "and" "challenges")', 'AU=(Jr)', 'PY=(2004)'])
('Query', ['TI=("smart" "sensing" "technology" "opportunities" "and" "challenges")', 'AU=(Jr)', 'PY=(2003-2005)'])
('Failed query', {'Parameters': {'databaseId': 'WOK', 'usrQuery': 'TI=("smart" "sensing" "technology" "opportunities" "and" "challenges") AND AU=(Jr) AND PY=(2003-2005)', 'count': 5, 'firstRecord': 1}})
('Query', ['TI=("smart" "sensing" "technology" "for" "structural" "health" "monitoring")', 'AU=(Jr)', 'PY=(2004)'])
('Query', ['TI=("smart" "sensing" "technology" "for" "structural" "health" "monitoring")', 'AU=(Jr)', 'PY=(2003-2005)'])
('Failed query', {'Parameters': {'databaseId': 'WOK', 'usrQuery': 'TI=("smart" "sensing" "technology" "for" "structural" "health" "monitoring") AND AU=(Jr) AND PY=(2003-2005)', 'count': 5, 'firstRecord': 1}})
('Query', ['TI=("ngscb" "a" "trusted" "open" "system")', 'AU=(Peinado)', 'PY=(2004)'])
('Query', ['TI=("building" "risk" "monitoring" "using" "wireless" "sensor" "network")', 'AU=(Kurata)', 'PY=(2004)'])
('Query', ['TI=("building" "risk" "monitoring" "using" "wireless" "sensor" "network")', 'AU=(Kurata)', 'PY=(2003-2005)'])
('Query', ['TI=("ambiesense" "a" "system" "and" "reference" "architecture" "for" "personalised" "context" "sensitive" "information" "services" "for" "mobile" "users")', 'AU=(Myrhaug)', 'PY=(2004)'])
('Query', ['TI=("reliability" "of" "countermovement" "jump" "performance" "on" "chronojump" "boscosystem" "in" "male" "and" "female" "athletes")', 'AU=(Pagaduan)', 'PY=(2004)'])
('Query', ['TI=("reliability" "of" "countermovement" "jump" "performance" "on" "chronojump" "boscosystem" "in" "male" "and" "female" "athletes")', 'AU=(Pagaduan)', 'PY=(2003-2005)'])
('Failed query', {'Parameters': {'databaseId': 'WOK', 'usrQuery': 'TI=("reliability" "of" "countermovement" "jump" "performance" "on" "chronojump" "boscosystem" "in" "male" "and" "female" "athletes") AND AU=(Pagaduan) AND PY=(2003-2005)', 'count': 5, 'firstRecord': 1}})
('Query', ['TI=("a" "machine" "oriented" "integrated" "vulnerability" "database" "for" "automated" "vulnerability" "detection" "and" "processing")', 'AU=(Yap)', 'PY=(2004)'])
('Query', ['TI=("embedded" "linux" "based" "smartphone" "platform" "for" "sharing" "wipi" "contents")', 'AU=(Lee)', 'PY=(2004)'])
('Query', ['TI=("embedded" "linux" "based" "smartphone" "platform" "for" "sharing" "wipi" "contents")', 'AU=(Lee)', 'PY=(2003-2005)'])
('Failed query', {'Parameters': {'databaseId': 'WOK', 'usrQuery': 'TI=("embedded" "linux" "based" "smartphone" "platform" "for" "sharing" "wipi" "contents") AND AU=(Lee) AND PY=(2003-2005)', 'count': 5, 'firstRecord': 1}})
('Missing year', {'title': 'RIA News', 'link': 'https://ieeexplore.ieee.org/iel1/100/13479/x0009072.pdf', 'cited': None, 'relatedLink': 'https://scholar.google.com/scholar?q=related:JPkYjJ8f53sJ:scholar.google.com/&scioq=%22open+hardware+%22+November+OR+December&hl=en&num=20&as_sdt=0,5&as_ylo=2004&as_yhi=2004&as_vis=1', 'position': 10, 'numOfVersions': None, 'publishedData': 'RIA Upcoming - ieeexplore.ieee.org', 'snippet': '… Calendar items for the December issue must be received by October 1 to assure inclusion. … \n+ User-programmable with C-libraries + Open hardware and software architecture …'})
('Query', ['TI=("ria" "news")', 'AU=(Upcoming)'])
('Failed query', {'Parameters': {'databaseId': 'WOK', 'usrQuery': 'TI=("ria" "news") AND AU=(Upcoming)', 'count': 5, 'firstRecord': 1}})
('Query', ['TI=("open" "mobile" "handset" "architectures")', 'AU=(Core)', 'PY=(2004)'])
('Query', ['TI=("open" "mobile" "handset" "architectures")', 'AU=(Core)', 'PY=(2003-2005)'])
('Failed query', {'Parameters': {'databaseId': 'WOK', 'usrQuery': 'TI=("open" "mobile" "handset" "architectures") AND AU=(Core) AND PY=(2003-2005)', 'count': 5, 'firstRecord': 1}})
('Query', ['TI=("micro" "computer" "control" "for" "a" "fuel" "cell" "test" "bench" "for" "residential" "use")', 'AU=(Heideck)', 'PY=(2004)'])
('Query', ['TI=("the" "design" "of" "an" "open" "controller" "for" "an" "industrial" "robot")', 'AU=(Zuo)', 'PY=(2004)'])
('Query', ['TI=("the" "design" "of" "an" "open" "controller" "for" "an" "industrial" "robot")', 'AU=(Zuo)', 'PY=(2003-2005)'])
('Failed query', {'Parameters': {'databaseId': 'WOK', 'usrQuery': 'TI=("the" "design" "of" "an" "open" "controller" "for" "an" "industrial" "robot") AND AU=(Zuo) AND PY=(2003-2005)', 'count': 5, 'firstRecord': 1}})
('Query', ['TI=("towards" "a" "cyberinfrastructure" "for" "enhanced" "scientific" "collaboration" "providing" "its" "soft" "foundations" "may" "be" "the" "hardest" "part")', 'AU=(David)', 'PY=(2004)'])
('Query', ['TI=("towards" "a" "cyberinfrastructure" "for" "enhanced" "scientific" "collaboration" "providing" "its" "soft" "foundations" "may" "be" "the" "hardest" "part")', 'AU=(David)', 'PY=(2003-2005)'])
('Failed query', {'Parameters': {'databaseId': 'WOK', 'usrQuery': 'TI=("towards" "a" "cyberinfrastructure" "for" "enhanced" "scientific" "collaboration" "providing" "its" "soft" "foundations" "may" "be" "the" "hardest" "part") AND AU=(David) AND PY=(2003-2005)', 'count': 5, 'firstRecord': 1}})
('Query', ['TI=("interscalene" "perineural" "ropivacaine" "infusion" "a" "comparison" "of" "two" "dosing" "regimens" "for" "postoperative" "analgesia")', 'AU=(Ilfeld)', 'PY=(2004)'])
('Query', ['TI=("forest" "edge" "high" "or" "low" "quality" "habitat" "for" "white" "footed" "mice" "peromyscus" "leucopus")', 'AU=(Wolf)', 'PY=(2004)'])
('Query', ['TI=("successful" "deployment" "of" "commercial" "ate" "to" "an" "air" "force" "i" "level" "back" "shop" "repair" "facility")', 'AU=(Sidhwa)', 'PY=(2004)'])
('Query', ['TI=("development" "and" "evaluation" "of" "fully" "automated" "demand" "response" "in" "large" "facilities")', 'AU=(Piette)', 'PY=(2004)'])
('Query', ['TI=("development" "and" "evaluation" "of" "fully" "automated" "demand" "response" "in" "large" "facilities")', 'AU=(Piette)', 'PY=(2003-2005)'])
('Failed query', {'Parameters': {'databaseId': 'WOK', 'usrQuery': 'TI=("development" "and" "evaluation" "of" "fully" "automated" "demand" "response" "in" "large" "facilities") AND AU=(Piette) AND PY=(2003-2005)', 'count': 5, 'firstRecord': 1}})
('Missing year', {'title': 'New Industry Council to Spur Use of R8tA Technologies', 'link': 'https://ieeexplore.ieee.org/iel4/100/15119/x0099425.pdf', 'cited': None, 'relatedLink': 'https://scholar.google.com/scholar?q=related:YcXY1OCaw7UJ:scholar.google.com/&scioq=%22open+hardware+%22+November+OR+December&hl=en&num=20&as_sdt=0,5&as_ylo=2004&as_yhi=2004&as_vis=1', 'position': 19, 'numOfVersions': None, 'publishedData': 'RASA Memorandum - ieeexplore.ieee.org', 'snippet': '… Calendar ilems for the December issue must be received by October 1 to assure inclusion. … \n♦ User-programmable with C-libraries ♦ Open hardware and software architecture …'})
('Query', ['TI=("new" "industry" "council" "to" "spur" "use" "of" "r8ta" "technologies")', 'AU=(Memorandum)'])
('Failed query', {'Parameters': {'databaseId': 'WOK', 'usrQuery': 'TI=("new" "industry" "council" "to" "spur" "use" "of" "r8ta" "technologies") AND AU=(Memorandum)', 'count': 5, 'firstRecord': 1}})
('Query', ['TI=("quality" "assurance" "of" "open" "source" "projects")', 'AU=(Bartkowiak)', 'PY=(2004)'])
('Query', ['TI=("quality" "assurance" "of" "open" "source" "projects")', 'AU=(Bartkowiak)', 'PY=(2003-2005)'])
('Failed query', {'Parameters': {'databaseId': 'WOK', 'usrQuery': 'TI=("quality" "assurance" "of" "open" "source" "projects") AND AU=(Bartkowiak) AND PY=(2003-2005)', 'count': 5, 'firstRecord': 1}})
('Query', ['TI=("core" "techniques" "and" "algorithms" "in" "game" "programming")', 'AU=(Sanchez)', 'PY=(2004)'])
('Query', ['TI=("core" "techniques" "and" "algorithms" "in" "game" "programming")', 'AU=(Sanchez)', 'PY=(2003-2005)'])
('Failed query', {'Parameters': {'databaseId': 'WOK', 'usrQuery': 'TI=("core" "techniques" "and" "algorithms" "in" "game" "programming") AND AU=(Sanchez) AND PY=(2003-2005)', 'count': 5, 'firstRecord': 1}})
('Query', ['TI=("arab" "development" "and" "the" "politics" "of" "knowledge" "what" "role" "for" "ict")', 'AU=(Velden)', 'PY=(2004)'])
('Query', ['TI=("arab" "development" "and" "the" "politics" "of" "knowledge" "what" "role" "for" "ict")', 'AU=(Velden)', 'PY=(2003-2005)'])
('Failed query', {'Parameters': {'databaseId': 'WOK', 'usrQuery': 'TI=("arab" "development" "and" "the" "politics" "of" "knowledge" "what" "role" "for" "ict") AND AU=(Velden) AND PY=(2003-2005)', 'count': 5, 'firstRecord': 1}})
('Query', ['TI=("enhancing" "security" "of" "computing" "platforms" "with" "tc" "technology")', 'AU=(Paulus)', 'PY=(2004)'])
('Query', ['TI=("enhancing" "security" "of" "computing" "platforms" "with" "tc" "technology")', 'AU=(Paulus)', 'PY=(2003-2005)'])
('Failed query', {'Parameters': {'databaseId': 'WOK', 'usrQuery': 'TI=("enhancing" "security" "of" "computing" "platforms" "with" "tc" "technology") AND AU=(Paulus) AND PY=(2003-2005)', 'count': 5, 'firstRecord': 1}})
('Query', ['TI=("karen" "armstrong")', 'AU=(Armstrong)', 'PY=(2004)'])
('Query', ['TI=("karen" "armstrong")', 'AU=(Armstrong)', 'PY=(2003-2005)'])
('Failed query', {'Parameters': {'databaseId': 'WOK', 'usrQuery': 'TI=("karen" "armstrong") AND AU=(Armstrong) AND PY=(2003-2005)', 'count': 5, 'firstRecord': 1}})
('Query', ['TI=("technology" "and" "social" "inclusion" "rethinking" "the" "digital" "divide")', 'AU=(Warschauer)', 'PY=(2004)'])
('Query', ['TI=("technology" "and" "social" "inclusion" "rethinking" "the" "digital" "divide")', 'AU=(Warschauer)', 'PY=(2003-2005)'])
('Query', ['TI=("learning" "red" "hat" "enterprise" "linux" "and" "fedora")', 'AU=(McCarty)', 'PY=(2004)'])
('Query', ['TI=("learning" "red" "hat" "enterprise" "linux" "and" "fedora")', 'AU=(McCarty)', 'PY=(2003-2005)'])
('Failed query', {'Parameters': {'databaseId': 'WOK', 'usrQuery': 'TI=("learning" "red" "hat" "enterprise" "linux" "and" "fedora") AND AU=(McCarty) AND PY=(2003-2005)', 'count': 5, 'firstRecord': 1}})
('Missing year', {'title': 'News From Research Institutes', 'link': 'https://ieeexplore.ieee.org/iel1/100/7335/x0168215.pdf', 'cited': None, 'relatedLink': 'https://scholar.google.com/scholar?q=related:tSxk4qH7ycwJ:scholar.google.com/&scioq=%22open+hardware+%22+November+OR+December&hl=en&num=20&as_sdt=0,5&as_ylo=2004&as_yhi=2004&as_vis=1', 'position': 27, 'numOfVersions': None, 'publishedData': 'R Hui - ieeexplore.ieee.org', 'snippet': '… On the evening of November 4, we had an exciting experience of machine and human \ninteraction at Wonder-Eggs pleasure game center located in a Tokyo suburb close to the …'})
('Query', ['TI=("news" "from" "research" "institutes")', 'AU=(Hui)'])
('Failed query', {'Parameters': {'databaseId': 'WOK', 'usrQuery': 'TI=("news" "from" "research" "institutes") AND AU=(Hui)', 'count': 5, 'firstRecord': 1}})
('Query', ['TI=("benjamin" "barber")', 'AU=(Barber)', 'PY=(2004)'])
('Query', ['TI=("benjamin" "barber")', 'AU=(Barber)', 'PY=(2003-2005)'])
('Failed query', {'Parameters': {'databaseId': 'WOK', 'usrQuery': 'TI=("benjamin" "barber") AND AU=(Barber) AND PY=(2003-2005)', 'count': 5, 'firstRecord': 1}})
('Query', ['TI=("david" "deutsch")', 'AU=(Deutsch)', 'PY=(2004)'])
('Query', ['TI=("david" "deutsch")', 'AU=(Deutsch)', 'PY=(2003-2005)'])
('Failed query', {'Parameters': {'databaseId': 'WOK', 'usrQuery': 'TI=("david" "deutsch") AND AU=(Deutsch) AND PY=(2003-2005)', 'count': 5, 'firstRecord': 1}})
('Query', ['TI=("gavin" "schmidt")', 'AU=(Schmidt)', 'PY=(2004)'])
('Query', ['TI=("gavin" "schmidt")', 'AU=(Schmidt)', 'PY=(2003-2005)'])
('Failed query', {'Parameters': {'databaseId': 'WOK', 'usrQuery': 'TI=("gavin" "schmidt") AND AU=(Schmidt) AND PY=(2003-2005)', 'count': 5, 'firstRecord': 1}})
('Missing year', {'title': 'Robotic Tool Changer', 'link': 'https://ieeexplore.ieee.org/iel3/100/10205/x0469885.pdf', 'cited': None, 'relatedLink': 'https://scholar.google.com/scholar?q=related:ws7EmSopkAEJ:scholar.google.com/&scioq=%22open+hardware+%22+November+OR+December&hl=en&num=20&as_sdt=0,5&as_ylo=2004&as_yhi=2004&as_vis=1', 'position': 31, 'numOfVersions': None, 'publishedData': 'E Assurance - ieeexplore.ieee.org', 'snippet': 'Submit three copies of abstract and extended summary, in English, fonnatted as follows. \nThefirst page should include the title, the name of the author, atEliation, mailing address, Fax …'})
('Query', ['TI=("robotic" "tool" "changer")', 'AU=(Assurance)'])
('Failed query', {'Parameters': {'databaseId': 'WOK', 'usrQuery': 'TI=("robotic" "tool" "changer") AND AU=(Assurance)', 'count': 5, 'firstRecord': 1}})
('Query', ['TI=("research" "networks" "and" "technology" "migration" "resnetsii")', 'AU=(Lehman)', 'PY=(2004)'])
('Query', ['TI=("research" "networks" "and" "technology" "migration" "resnetsii")', 'AU=(Lehman)', 'PY=(2003-2005)'])
('Failed query', {'Parameters': {'databaseId': 'WOK', 'usrQuery': 'TI=("research" "networks" "and" "technology" "migration" "resnetsii") AND AU=(Lehman) AND PY=(2003-2005)', 'count': 5, 'firstRecord': 1}})
('Missing year', {'title': 'GERMANY-COLOMB~ A', 'link': 'https://ieeexplore.ieee.org/iel3/67/9855/x0110764.pdf', 'cited': None, 'relatedLink': 'https://scholar.google.com/scholar?q=related:nR-R3-IjoDoJ:scholar.google.com/&scioq=%22open+hardware+%22+November+OR+December&hl=en&num=20&as_sdt=0,5&as_ylo=2004&as_yhi=2004&as_vis=1', 'position': 33, 'numOfVersions': None, 'publishedData': 'C Pulling, C Ampacity, UT Sizing - ieeexplore.ieee.org', 'snippet': '… Simply because it leads to a more open hardware and software architecture, it is less \ndemanding on utility operations and maintenance staff, it minimizes reliance on a single supplier, …'})
('Query', ['TI=("germany" "colomb" "a")', 'AU=(Pulling)'])
('Failed query', {'Parameters': {'databaseId': 'WOK', 'usrQuery': 'TI=("germany" "colomb" "a") AND AU=(Pulling)', 'count': 5, 'firstRecord': 1}})
('Missing year', {'title': 'PTI Releases PS/U Version 5.0', 'link': 'https://ieeexplore.ieee.org/iel3/67/2212/x0424496.pdf', 'cited': None, 'relatedLink': 'https://scholar.google.com/scholar?q=related:kRbYAXhIMRoJ:scholar.google.com/&scioq=%22open+hardware+%22+November+OR+December&hl=en&num=20&as_sdt=0,5&as_ylo=2004&as_yhi=2004&as_vis=1', 'position': 34, 'numOfVersions': None, 'publishedData': 'NBP Orders - ieeexplore.ieee.org', 'snippet': '… Open hardware platforms supported include: DOS Personal Computers and UNlX \nworkstations. If you would like to join our growing number of worldwide users contact: …'})
('Query', ['TI=("pti" "releases" "ps" "u" "version" "5" "0")', 'AU=(Orders)'])
('Failed query', {'Parameters': {'databaseId': 'WOK', 'usrQuery': 'TI=("pti" "releases" "ps" "u" "version" "5" "0") AND AU=(Orders)', 'count': 5, 'firstRecord': 1}})
('Missing year', {'title': 'RIA News', 'link': 'https://ieeexplore.ieee.org/iel1/100/14631/x0067205.pdf', 'cited': None, 'relatedLink': 'https://scholar.google.com/scholar?q=related:UgqJidPgE7MJ:scholar.google.com/&scioq=%22open+hardware+%22+November+OR+December&hl=en&num=20&as_sdt=0,5&as_ylo=2004&as_yhi=2004&as_vis=1', 'position': 35, 'numOfVersions': None, 'publishedData': 'P Allian\xa0- gan - ieeexplore.ieee.org', 'snippet': 'UM research scientist and Iwan Ulrich, a grad student, have built a working prototype. The \nUniversity has applied for several patents and is seeking corporate partners, to license the …'})
('Query', ['TI=("ria" "news")', 'AU=(Allian)'])
('Failed query', {'Parameters': {'databaseId': 'WOK', 'usrQuery': 'TI=("ria" "news") AND AU=(Allian)', 'count': 5, 'firstRecord': 1}})
('Query', ['TI=("design" "and" "evaluation" "of" "fpga" "based" "gigabit" "ethernet" "pci" "network" "interface" "card")', 'AU=(Mohsenin)', 'PY=(2004)'])
('Query', ['TI=("design" "and" "evaluation" "of" "fpga" "based" "gigabit" "ethernet" "pci" "network" "interface" "card")', 'AU=(Mohsenin)', 'PY=(2003-2005)'])
('Failed query', {'Parameters': {'databaseId': 'WOK', 'usrQuery': 'TI=("design" "and" "evaluation" "of" "fpga" "based" "gigabit" "ethernet" "pci" "network" "interface" "card") AND AU=(Mohsenin) AND PY=(2003-2005)', 'count': 5, 'firstRecord': 1}})
('Query', ['TI=("low" "power" "processors" "for" "the" "hogthrob" "project")', 'AU=(Lorentzen)', 'PY=(2004)'])
('Query', ['TI=("low" "power" "processors" "for" "the" "hogthrob" "project")', 'AU=(Lorentzen)', 'PY=(2003-2005)'])
('Failed query', {'Parameters': {'databaseId': 'WOK', 'usrQuery': 'TI=("low" "power" "processors" "for" "the" "hogthrob" "project") AND AU=(Lorentzen) AND PY=(2003-2005)', 'count': 5, 'firstRecord': 1}})
('Query', ['TI=("armar" "ii" "a" "learning" "and" "cooperative" "multimodal" "humanoid" "robot" "system")', 'AU=(Dillmann)', 'PY=(2004)'])
('Query', ['TI=("armar" "ii" "a" "learning" "and" "cooperative" "multimodal" "humanoid" "robot" "system")', 'AU=(Dillmann)', 'PY=(2003-2005)'])
('Failed query', {'Parameters': {'databaseId': 'WOK', 'usrQuery': 'TI=("armar" "ii" "a" "learning" "and" "cooperative" "multimodal" "humanoid" "robot" "system") AND AU=(Dillmann) AND PY=(2003-2005)', 'count': 5, 'firstRecord': 1}})
('Query', ['TI=("effects" "of" "mechanical" "forces" "and" "mediators" "of" "hypertrophy" "on" "remodeling" "of" "gap" "junctions" "in" "the" "heart")', 'AU=(Saffitz)', 'PY=(2004)'])
('Query', ['TI=("synthesis" "of" "deadlock" "free" "supervisory" "controllers" "using")', 'AU=(Ramirez)', 'PY=(2004)'])
('Query', ['TI=("synthesis" "of" "deadlock" "free" "supervisory" "controllers" "using")', 'AU=(Ramirez)', 'PY=(2003-2005)'])
('Failed query', {'Parameters': {'databaseId': 'WOK', 'usrQuery': 'TI=("synthesis" "of" "deadlock" "free" "supervisory" "controllers" "using") AND AU=(Ramirez) AND PY=(2003-2005)', 'count': 5, 'firstRecord': 1}})
('Query', ['TI=("eyesweb" "toward" "gesture" "and" "affect" "recognition" "in" "interactive" "dance" "and" "music" "systems")', 'AU=(Camurri)', 'PY=(2000)'])
('Query', ['TI=("a" "dynamic" "memory" "management" "unit" "for" "embedded" "real" "time" "system" "on" "a" "chip")', 'AU=(Shalan)', 'PY=(2000)'])
